Q:\HGD\BEAR\TRUNK\BIN\ORX_D.EXE
Q:\HGD\BEAR\TRUNK\BIN\ORX_D.ILK
Q:\HGD\BEAR\TRUNK\ORX\DEBUG\ACTION.OBJ
Q:\HGD\BEAR\TRUNK\ORX\DEBUG\BEHAVIOR.OBJ
Q:\HGD\BEAR\TRUNK\ORX\DEBUG\BEHAVIORSTEP.OBJ
Q:\HGD\BEAR\TRUNK\ORX\DEBUG\BOSS.OBJ
Q:\HGD\BEAR\TRUNK\ORX\DEBUG\BULLET.OBJ
Q:\HGD\BEAR\trunk\orx\Debug\cl.command.1.tlog
Q:\HGD\BEAR\trunk\orx\Debug\CL.read.1.tlog
Q:\HGD\BEAR\trunk\orx\Debug\CL.write.1.tlog
Q:\HGD\BEAR\TRUNK\ORX\DEBUG\GAMESYSTEM.OBJ
Q:\HGD\BEAR\TRUNK\ORX\DEBUG\HIGHSCORES.OBJ
Q:\HGD\BEAR\TRUNK\ORX\DEBUG\LEVELSYSTEM.OBJ
Q:\HGD\BEAR\trunk\orx\Debug\link.command.1.tlog
Q:\HGD\BEAR\trunk\orx\Debug\link.read.1.tlog
Q:\HGD\BEAR\trunk\orx\Debug\link.write.1.tlog
Q:\HGD\BEAR\TRUNK\ORX\DEBUG\MAIN.OBJ
Q:\HGD\BEAR\trunk\orx\Debug\mt.command.1.tlog
Q:\HGD\BEAR\trunk\orx\Debug\mt.read.1.tlog
Q:\HGD\BEAR\trunk\orx\Debug\mt.write.1.tlog
Q:\HGD\BEAR\TRUNK\ORX\DEBUG\ORX.EXE.INTERMEDIATE.MANIFEST
Q:\HGD\BEAR\TRUNK\ORX\DEBUG\ORX.PDB
Q:\HGD\BEAR\TRUNK\ORX\DEBUG\PARSER.OBJ
Q:\HGD\BEAR\TRUNK\ORX\DEBUG\PATTERN.OBJ
Q:\HGD\BEAR\TRUNK\ORX\DEBUG\PLAYER.OBJ
Q:\HGD\BEAR\TRUNK\ORX\DEBUG\PLAYERWEAPON.OBJ
Q:\HGD\BEAR\TRUNK\ORX\DEBUG\POWERUP.OBJ
Q:\HGD\BEAR\TRUNK\ORX\DEBUG\UNIT.OBJ
Q:\HGD\BEAR\trunk\orx\Debug\vc100.idb
Q:\HGD\BEAR\TRUNK\ORX\DEBUG\VC100.PDB
